EN_Section 1 has 93 chunks
EN_Section 2 has 104 chunks
EN_Section 3 has 107 chunks
EN_Section 4 has 114 chunks
EN_Section 5 has 102 chunks
EN_Section 6 has 132 chunks
EN_Section 7 has 146 chunks
EN_Section 8 has 113 chunks
EN_Section 9 has 148 chunks
FR_Section 1 has 0 chunks
FR_Section 2 has 0 chunks
FR_Section 3 has 0 chunks
FR_Section 4 has 0 chunks
FR_Section 5 has 0 chunks
FR_Section 6 has 0 chunks
FR_Section 7 has 0 chunks
FR_Section 8 has 0 chunks
FR_Section 9 has 0 chunks
CN_Section 1 has 176 chunks
CN_Section 2 has 190 chunks
CN_Section 3 has 205 chunks
CN_Section 4 has 205 chunks
CN_Section 5 has 181 chunks
CN_Section 6 has 244 chunks
CN_Section 7 has 235 chunks
CN_Section 8 has 190 chunks
CN_Section 9 has 245 chunks
Using device: cpu
Encoding Language: EN
Encoding Sec 0, len(section): 93
last hidden state shape: torch.Size([93, 59, 768])
Encoding Sec 1, len(section): 104
last hidden state shape: torch.Size([104, 73, 768])
Encoding Sec 2, len(section): 107
last hidden state shape: torch.Size([107, 70, 768])
Encoding Sec 3, len(section): 114
last hidden state shape: torch.Size([114, 46, 768])
Encoding Sec 4, len(section): 102
last hidden state shape: torch.Size([102, 49, 768])
Encoding Sec 5, len(section): 132
last hidden state shape: torch.Size([132, 55, 768])
Encoding Sec 6, len(section): 146
last hidden state shape: torch.Size([146, 45, 768])
Encoding Sec 7, len(section): 113
last hidden state shape: torch.Size([113, 40, 768])
Encoding Sec 8, len(section): 148
last hidden state shape: torch.Size([148, 38, 768])
Encoding Language: CN
Encoding Sec 0, len(section): 176
last hidden state shape: torch.Size([176, 44, 768])
Encoding Sec 1, len(section): 190
last hidden state shape: torch.Size([190, 48, 768])
Encoding Sec 2, len(section): 205
last hidden state shape: torch.Size([205, 47, 768])
Encoding Sec 3, len(section): 205
last hidden state shape: torch.Size([205, 37, 768])
Encoding Sec 4, len(section): 181
last hidden state shape: torch.Size([181, 43, 768])
Encoding Sec 5, len(section): 244
last hidden state shape: torch.Size([244, 41, 768])
Encoding Sec 6, len(section): 235
last hidden state shape: torch.Size([235, 37, 768])
Encoding Sec 7, len(section): 190
last hidden state shape: torch.Size([190, 40, 768])
Encoding Sec 8, len(section): 245
last hidden state shape: torch.Size([245, 35, 768])
